\BOOKMARK [1][-]{section.1}{\376\377\000I\000n\000t\000r\000o\000d\000u\000c\000t\000i\000o\000n}{}% 1
\BOOKMARK [1][-]{section.2}{\376\377\000T\000h\000e\000\040\000u\000n\000i\000v\000e\000r\000s\000a\000l\000\040\000d\000e\000f\000o\000r\000m\000a\000t\000i\000o\000n\000\040\000e\000q\000u\000a\000t\000i\000o\000n}{}% 2
\BOOKMARK [2][-]{subsection.2.1}{\376\377\000L\000i\000a\000o\000'\000s\000\040\000z\000e\000r\000o\000t\000h\000-\000o\000r\000d\000e\000r\000\040\000d\000e\000f\000o\000r\000m\000a\000t\000i\000o\000n}{section.2}% 3
\BOOKMARK [2][-]{subsection.2.2}{\376\377\000T\000h\000e\000\040\000u\000n\000i\000v\000e\000r\000s\000a\000l\000\040\000c\000o\000r\000r\000e\000c\000t\000i\000o\000n\000s}{section.2}% 4
\BOOKMARK [1][-]{section.3}{\376\377\000L\000e\000v\000e\000l\000\040\0001\000:\000\040\000R\000B\000F\000\040\000i\000d\000e\000n\000t\000i\000f\000i\000c\000a\000t\000i\000o\000n\000\040\000b\000y\000\040\000h\000o\000m\000o\000t\000o\000p\000y}{}% 5
\BOOKMARK [2][-]{subsection.3.1}{\376\377\000P\000r\000o\000b\000l\000e\000m\000\040\000s\000t\000a\000t\000e\000m\000e\000n\000t}{section.3}% 6
\BOOKMARK [2][-]{subsection.3.2}{\376\377\000B\000i\000l\000i\000n\000e\000a\000r\000\040\000s\000t\000r\000u\000c\000t\000u\000r\000e}{section.3}% 7
\BOOKMARK [2][-]{subsection.3.3}{\376\377\000N\000o\000n\000l\000i\000n\000e\000a\000r\000\040\000s\000u\000b\000p\000r\000o\000b\000l\000e\000m\000:\000\040\000c\000e\000n\000t\000e\000r\000s}{section.3}% 8
\BOOKMARK [2][-]{subsection.3.4}{\376\377\000N\000o\000n\000l\000i\000n\000e\000a\000r\000\040\000s\000u\000b\000p\000r\000o\000b\000l\000e\000m\000:\000\040\000w\000i\000d\000t\000h\000s}{section.3}% 9
\BOOKMARK [2][-]{subsection.3.5}{\376\377\000I\000n\000i\000t\000i\000a\000l\000i\000z\000a\000t\000i\000o\000n\000\040\000b\000y\000\040\000K\000-\000m\000e\000a\000n\000s}{section.3}% 10
\BOOKMARK [2][-]{subsection.3.6}{\376\377\000C\000o\000m\000p\000l\000e\000t\000e\000\040\000i\000d\000e\000n\000t\000i\000f\000i\000c\000a\000t\000i\000o\000n\000\040\000a\000l\000g\000o\000r\000i\000t\000h\000m}{section.3}% 11
\BOOKMARK [1][-]{section.4}{\376\377\000L\000e\000v\000e\000l\000\040\0002\000:\000\040\000O\000D\000E\000\040\000s\000i\000m\000u\000l\000a\000t\000i\000o\000n\000\040\000b\000y\000\040\000h\000o\000m\000o\000t\000o\000p\000y}{}% 12
\BOOKMARK [2][-]{subsection.4.1}{\376\377\000L\000i\000n\000e\000a\000r\000\040\000s\000t\000a\000r\000t\000i\000n\000g\000\040\000s\000o\000l\000u\000t\000i\000o\000n}{section.4}% 13
\BOOKMARK [2][-]{subsection.4.2}{\376\377\000R\000e\000d\000u\000c\000e\000d\000\040\000n\000o\000n\000l\000i\000n\000e\000a\000r\000i\000t\000y}{section.4}% 14
\BOOKMARK [2][-]{subsection.4.3}{\376\377\000I\000n\000t\000e\000g\000r\000a\000l\000\040\000f\000o\000r\000m\000u\000l\000a\000t\000i\000o\000n\000\040\000\050\000d\000e\000r\000i\000v\000a\000t\000i\000v\000e\000-\000f\000r\000e\000e\000\051}{section.4}% 15
\BOOKMARK [2][-]{subsection.4.4}{\376\377\000C\000o\000r\000r\000e\000c\000t\000i\000o\000n\000s}{section.4}% 16
\BOOKMARK [2][-]{subsection.4.5}{\376\377\000D\000e\000r\000i\000v\000a\000t\000i\000v\000e\000s\000\040\000o\000f\000\040\000t\000h\000e\000\040\000R\000B\000F}{section.4}% 17
\BOOKMARK [1][-]{section.5}{\376\377\000L\000e\000v\000e\000l\000\040\0003\000:\000\040\000O\000n\000l\000i\000n\000e\000\040\000r\000e\000f\000i\000n\000e\000m\000e\000n\000t\000\040\000b\000y\000\040\000h\000o\000m\000o\000t\000o\000p\000y}{}% 18
\BOOKMARK [2][-]{subsection.5.1}{\376\377\000P\000r\000o\000b\000l\000e\000m}{section.5}% 19
\BOOKMARK [2][-]{subsection.5.2}{\376\377\000O\000n\000l\000i\000n\000e\000\040\000c\000o\000r\000r\000e\000c\000t\000i\000o\000n\000s}{section.5}% 20
\BOOKMARK [1][-]{section.6}{\376\377\000U\000n\000i\000f\000i\000c\000a\000t\000i\000o\000n\000:\000\040\000t\000h\000r\000e\000e\000\040\000l\000e\000v\000e\000l\000s\000,\000\040\000o\000n\000e\000\040\000e\000q\000u\000a\000t\000i\000o\000n}{}% 21
\BOOKMARK [1][-]{section.7}{\376\377\000T\000h\000e\000\040\000r\000o\000l\000e\000\040\000o\000f\000\040\000t\000h\000e\000\040\000l\000i\000n\000e\000a\000r\000\040\000s\000t\000a\000r\000t\000i\000n\000g\000\040\000s\000o\000l\000u\000t\000i\000o\000n}{}% 22
\BOOKMARK [1][-]{section.8}{\376\377\000C\000o\000n\000n\000e\000c\000t\000i\000o\000n\000\040\000t\000o\000\040\000e\000x\000i\000s\000t\000i\000n\000g\000\040\000m\000e\000t\000h\000o\000d\000s}{}% 23
\BOOKMARK [1][-]{section.9}{\376\377\000C\000o\000m\000p\000u\000t\000a\000t\000i\000o\000n\000a\000l\000\040\000c\000o\000m\000p\000l\000e\000x\000i\000t\000y}{}% 24
\BOOKMARK [1][-]{section.10}{\376\377\000C\000o\000n\000v\000e\000r\000g\000e\000n\000c\000e\000\040\000a\000n\000a\000l\000y\000s\000i\000s}{}% 25
\BOOKMARK [2][-]{subsection.10.1}{\376\377\000L\000e\000v\000e\000l\000\040\0001\000:\000\040\000i\000d\000e\000n\000t\000i\000f\000i\000c\000a\000t\000i\000o\000n}{section.10}% 26
\BOOKMARK [2][-]{subsection.10.2}{\376\377\000L\000e\000v\000e\000l\000\040\0002\000:\000\040\000s\000i\000m\000u\000l\000a\000t\000i\000o\000n}{section.10}% 27
\BOOKMARK [2][-]{subsection.10.3}{\376\377\000C\000o\000m\000b\000i\000n\000e\000d\000\040\000c\000o\000n\000v\000e\000r\000g\000e\000n\000c\000e}{section.10}% 28
\BOOKMARK [1][-]{section.11}{\376\377\000C\000o\000n\000s\000t\000r\000u\000c\000t\000i\000v\000e\000\040\000d\000i\000m\000e\000n\000s\000i\000o\000n\000i\000n\000g\000:\000\040\000h\000o\000w\000\040\000m\000a\000n\000y\000\040\000n\000e\000u\000r\000o\000n\000s\000,\000\040\000h\000o\000w\000\040\000m\000a\000n\000y\000\040\000d\000a\000t\000a}{}% 29
\BOOKMARK [2][-]{subsection.11.1}{\376\377\000F\000r\000o\000m\000\040\000s\000i\000m\000u\000l\000a\000t\000i\000o\000n\000\040\000a\000c\000c\000u\000r\000a\000c\000y\000\040\000t\000o\000\040\000i\000d\000e\000n\000t\000i\000f\000i\000c\000a\000t\000i\000o\000n\000\040\000a\000c\000c\000u\000r\000a\000c\000y}{section.11}% 30
\BOOKMARK [2][-]{subsection.11.2}{\376\377\000F\000r\000o\000m\000\040\000i\000d\000e\000n\000t\000i\000f\000i\000c\000a\000t\000i\000o\000n\000\040\000a\000c\000c\000u\000r\000a\000c\000y\000\040\000t\000o\000\040\000n\000u\000m\000b\000e\000r\000\040\000o\000f\000\040\000n\000e\000u\000r\000o\000n\000s}{section.11}% 31
\BOOKMARK [2][-]{subsection.11.3}{\376\377\000F\000r\000o\000m\000\040\000n\000e\000u\000r\000o\000n\000s\000\040\000t\000o\000\040\000d\000a\000t\000a\000\040\000p\000o\000i\000n\000t\000s}{section.11}% 32
\BOOKMARK [2][-]{subsection.11.4}{\376\377\000M\000a\000x\000i\000m\000u\000m\000\040\000a\000d\000m\000i\000s\000s\000i\000b\000l\000e\000\040\000s\000i\000m\000u\000l\000a\000t\000i\000o\000n\000\040\000s\000t\000e\000p}{section.11}% 33
\BOOKMARK [2][-]{subsection.11.5}{\376\377\000T\000h\000e\000\040\000c\000o\000m\000p\000l\000e\000t\000e\000\040\000c\000o\000n\000s\000t\000r\000u\000c\000t\000i\000v\000e\000\040\000c\000h\000a\000i\000n}{section.11}% 34
\BOOKMARK [1][-]{section.12}{\376\377\000T\000h\000e\000\040\000r\000o\000l\000e\000\040\000o\000f\000\040\000p\000r\000i\000o\000r\000\040\000k\000n\000o\000w\000l\000e\000d\000g\000e\000\040\000i\000n\000\040\000n\000e\000t\000w\000o\000r\000k\000\040\000d\000i\000m\000e\000n\000s\000i\000o\000n\000i\000n\000g}{}% 35
\BOOKMARK [2][-]{subsection.12.1}{\376\377\000Q\000u\000a\000n\000t\000i\000f\000i\000c\000a\000t\000i\000o\000n\000\040\000o\000f\000\040\000p\000r\000i\000o\000r\000\040\000k\000n\000o\000w\000l\000e\000d\000g\000e}{section.12}% 36
\BOOKMARK [2][-]{subsection.12.2}{\376\377\000T\000h\000e\000\040\000s\000p\000e\000c\000t\000r\000u\000m\000\040\000o\000f\000\040\000p\000r\000i\000o\000r\000\040\000k\000n\000o\000w\000l\000e\000d\000g\000e}{section.12}% 37
\BOOKMARK [2][-]{subsection.12.3}{\376\377\000N\000u\000m\000e\000r\000i\000c\000a\000l\000\040\000v\000e\000r\000i\000f\000i\000c\000a\000t\000i\000o\000n\000:\000\040\000o\000r\000i\000f\000i\000c\000e\000\040\000f\000l\000o\000w\000\040\000e\000x\000a\000m\000p\000l\000e}{section.12}% 38
\BOOKMARK [2][-]{subsection.12.4}{\376\377\000C\000o\000n\000n\000e\000c\000t\000i\000o\000n\000\040\000t\000o\000\040\000p\000h\000y\000s\000i\000c\000s\000-\000i\000n\000f\000o\000r\000m\000e\000d\000\040\000m\000e\000t\000h\000o\000d\000s}{section.12}% 39
\BOOKMARK [2][-]{subsection.12.5}{\376\377\000I\000m\000p\000l\000i\000c\000a\000t\000i\000o\000n\000s\000\040\000f\000o\000r\000\040\000g\000e\000n\000e\000r\000a\000l\000\040\000A\000I\000\040\000a\000r\000c\000h\000i\000t\000e\000c\000t\000u\000r\000e\000s}{section.12}% 40
\BOOKMARK [1][-]{section.13}{\376\377\000D\000i\000s\000c\000u\000s\000s\000i\000o\000n}{}% 41
\BOOKMARK [1][-]{section.14}{\376\377\000C\000o\000n\000c\000l\000u\000s\000i\000o\000n\000s}{}% 42
